\BOOKMARK [0][]{vistobueno.0}{VistoBueno}{}
\BOOKMARK [0][]{declaration.0}{Declaration}{}
\BOOKMARK [1][-]{publications.1}{Publicaciones}{declaration.0}
\BOOKMARK [1][-]{Abstract.1}{Abstract}{declaration.0}
\BOOKMARK [1][-]{Resumen.1}{Resumen}{declaration.0}
\BOOKMARK [1][-]{tableofcontents.1}{Contents}{declaration.0}
\BOOKMARK [1][-]{lof.1}{List of Figures}{declaration.0}
\BOOKMARK [1][-]{lot.1}{List of Tables}{declaration.0}
\BOOKMARK [1][-]{lol.1}{Listings}{declaration.0}
\BOOKMARK [1][-]{acronyms.1}{Acronyms}{declaration.0}
\BOOKMARK [-1][]{part.1}{Introduction}{}
\BOOKMARK [0][]{chapter.1}{1 Reproducibility and re-use in e-Science}{part.1}
\BOOKMARK [0][]{chapter.2}{2 Complex datasets in Astronomy}{part.1}
\BOOKMARK [-1][]{part.2}{Methods and Materials}{}
\BOOKMARK [0][]{chapter.3}{3 The Virtual Observatory}{part.2}
\BOOKMARK [0][]{chapter.4}{4 Scientific Workflows}{part.2}
\BOOKMARK [0][]{chapter.5}{5 IPython Notebooks}{part.2}
\BOOKMARK [0][]{chapter.6}{6 Web-based Collaborative Platforms}{part.2}
\BOOKMARK [-1][]{part.3}{Developments and contributions}{}
\BOOKMARK [0][]{chapter.7}{7 Interoperability standards}{part.3}
\BOOKMARK [1][-]{section.7.1}{7.1 Image Datamodel}{chapter.7}
\BOOKMARK [1][-]{section.7.2}{7.2 Simple Image Access v2.0}{chapter.7}
\BOOKMARK [1][-]{section.7.3}{7.3 DataLink}{chapter.7}
\BOOKMARK [1][-]{section.7.4}{7.4 PDL: parameter Description Language}{chapter.7}
\BOOKMARK [0][]{chapter.8}{8 Prototype archive for datacubes}{part.3}
\BOOKMARK [0][]{chapter.9}{9 Software Tools}{part.3}
\BOOKMARK [1][-]{section.9.1}{9.1 AstroTaverna Plugin}{chapter.9}
\BOOKMARK [1][-]{section.9.2}{9.2 AMIGA IPython Notebook Server}{chapter.9}
\BOOKMARK [-1][]{part.4}{Use Cases Illustration}{}
\BOOKMARK [0][]{chapter.10}{10 Tabulars}{part.4}
\BOOKMARK [0][]{chapter.11}{11 Images}{part.4}
\BOOKMARK [0][]{chapter.12}{12 Datacubes}{part.4}
\BOOKMARK [0][]{chapter.13}{13 Documents}{part.4}
\BOOKMARK [-1][]{part.5}{Conclusions}{}
\BOOKMARK [0][]{chapter.14}{14 Conclusions and future work}{part.5}
\BOOKMARK [0][]{chapter.15}{15 Conclusiones y trabajo futuro}{part.5}
\BOOKMARK [-1][]{part.6}{Appendix}{}
\BOOKMARK [0][]{appendix.A}{A Appendix 1}{part.6}
\BOOKMARK [0][]{appendix.B}{B Appendix 2}{part.6}
\BOOKMARK [0][]{dummy.8}{Bibliography}{part.6}
